{"level":"info","message":"Conexión a la base de datos establecida","metadata":{"db":"u509380733_alquiromero","timestamp":"2025-04-08 17:35:21"}}
{"level":"info","message":"Servidor iniciado","metadata":{"environment":"local","port":"3001","timestamp":"2025-04-08 17:35:21","url":"http://localhost:3001"}}
{"level":"info","message":"WebSocket inicializado","metadata":{"timestamp":"2025-04-08 17:35:21"}}
{"level":"info","message":"Conexión a la base de datos establecida","metadata":{"db":"u509380733_alquiromero","timestamp":"2025-04-08 17:39:00"}}
{"level":"info","message":"Servidor iniciado","metadata":{"environment":"local","port":"3001","timestamp":"2025-04-08 17:39:00","url":"http://localhost:3001"}}
{"level":"info","message":"WebSocket inicializado","metadata":{"timestamp":"2025-04-08 17:39:00"}}
{"level":"info","message":"Conexión a la base de datos establecida","metadata":{"db":"u509380733_alquiromero","timestamp":"2025-04-08 17:39:13"}}
{"level":"info","message":"Servidor iniciado","metadata":{"environment":"local","port":"3001","timestamp":"2025-04-08 17:39:13","url":"http://localhost:3001"}}
{"level":"info","message":"WebSocket inicializado","metadata":{"timestamp":"2025-04-08 17:39:13"}}
{"level":"info","message":"Conexión a la base de datos establecida","metadata":{"db":"u509380733_alquiromero","timestamp":"2025-04-08 17:39:24"}}
{"level":"info","message":"Servidor iniciado","metadata":{"environment":"local","port":"3001","timestamp":"2025-04-08 17:39:24","url":"http://localhost:3001"}}
{"level":"info","message":"WebSocket inicializado","metadata":{"timestamp":"2025-04-08 17:39:24"}}
{"level":"info","message":"Conexión a la base de datos establecida","metadata":{"db":"u509380733_alquiromero","timestamp":"2025-04-08 17:39:33"}}
{"level":"info","message":"Servidor iniciado","metadata":{"environment":"local","port":"3001","timestamp":"2025-04-08 17:39:33","url":"http://localhost:3001"}}
{"level":"info","message":"WebSocket inicializado","metadata":{"timestamp":"2025-04-08 17:39:34"}}
{"level":"info","message":"Conexión a la base de datos establecida","metadata":{"db":"u509380733_alquiromero","timestamp":"2025-04-08 17:39:41"}}
{"level":"info","message":"Servidor iniciado","metadata":{"environment":"local","port":"3001","timestamp":"2025-04-08 17:39:41","url":"http://localhost:3001"}}
{"level":"info","message":"WebSocket inicializado","metadata":{"timestamp":"2025-04-08 17:39:41"}}
{"level":"info","message":"Conexión a la base de datos establecida","metadata":{"db":"u509380733_alquiromero","timestamp":"2025-04-11 13:42:37"}}
{"level":"info","message":"Servidor iniciado","metadata":{"environment":"local","port":"3001","timestamp":"2025-04-11 13:42:37","url":"http://localhost:3001"}}
{"level":"info","message":"WebSocket inicializado","metadata":{"timestamp":"2025-04-11 13:42:37"}}
{"level":"info","message":"Conexión a la base de datos establecida","metadata":{"db":"u509380733_alquiromero","timestamp":"2025-04-15 23:17:15"}}
{"level":"info","message":"Servidor iniciado","metadata":{"environment":"local","port":"3001","timestamp":"2025-04-15 23:17:15","url":"http://localhost:3001"}}
{"level":"info","message":"WebSocket inicializado","metadata":{"timestamp":"2025-04-15 23:17:15"}}
{"level":"info","message":"Conexión a la base de datos establecida","metadata":{"db":"u509380733_alquiromero","timestamp":"2025-04-16 19:26:08"}}
{"level":"info","message":"Servidor iniciado","metadata":{"environment":"local","port":"3001","timestamp":"2025-04-16 19:26:08","url":"http://localhost:3001"}}
{"level":"info","message":"WebSocket inicializado","metadata":{"timestamp":"2025-04-16 19:26:08"}}
{"level":"info","message":"Conexión a la base de datos establecida","metadata":{"db":"u509380733_alquiromero","timestamp":"2025-04-17 16:53:52"}}
{"level":"info","message":"Servidor iniciado","metadata":{"environment":"local","port":"3001","timestamp":"2025-04-17 16:53:52","url":"http://localhost:3001"}}
{"level":"info","message":"WebSocket inicializado","metadata":{"timestamp":"2025-04-17 16:53:52"}}
{"level":"info","message":"Conexión a la base de datos establecida","metadata":{"db":"u509380733_alquiromero","timestamp":"2025-04-22 13:57:23"}}
{"level":"info","message":"Servidor iniciado","metadata":{"environment":"local","port":"3001","timestamp":"2025-04-22 13:57:23","url":"http://localhost:3001"}}
{"level":"info","message":"WebSocket inicializado","metadata":{"timestamp":"2025-04-22 13:57:23"}}
{"level":"info","message":"Conexión a la base de datos establecida","metadata":{"db":"u509380733_alquiromero","timestamp":"2025-04-25 13:15:50"}}
{"level":"info","message":"Servidor iniciado","metadata":{"environment":"local","port":"3001","timestamp":"2025-04-25 13:15:50","url":"http://localhost:3001"}}
{"level":"info","message":"WebSocket inicializado","metadata":{"timestamp":"2025-04-25 13:15:51"}}
{"level":"info","message":"Conexión a la base de datos establecida","metadata":{"db":"u509380733_alquiromero","timestamp":"2025-04-25 13:53:24"}}
{"level":"info","message":"Servidor iniciado","metadata":{"environment":"local","port":"3001","timestamp":"2025-04-25 13:53:24","url":"http://localhost:3001"}}
{"level":"info","message":"WebSocket inicializado","metadata":{"timestamp":"2025-04-25 13:53:24"}}
{"level":"info","message":"Conexión a la base de datos establecida","metadata":{"db":"u509380733_alquiromero","timestamp":"2025-04-25 16:56:36"}}
{"level":"info","message":"WebSocket inicializado","metadata":{"timestamp":"2025-04-25 16:56:36"}}
{"level":"info","message":"Conexión a la base de datos establecida","metadata":{"db":"u509380733_alquiromero","timestamp":"2025-04-26 10:35:05"}}
{"level":"info","message":"WebSocket inicializado","metadata":{"timestamp":"2025-04-26 10:35:05"}}
{"level":"info","message":"Conexión a la base de datos establecida","metadata":{"db":"u509380733_alquiromero","timestamp":"2025-04-26 10:40:24"}}
{"level":"info","message":"WebSocket inicializado","metadata":{"timestamp":"2025-04-26 10:40:24"}}
{"level":"info","message":"Conexión a la base de datos establecida","metadata":{"db":"u509380733_alquiromero","timestamp":"2025-04-29 18:45:29"}}
{"level":"info","message":"WebSocket inicializado","metadata":{"timestamp":"2025-04-29 18:45:29"}}
{"level":"info","message":"Conexión a la base de datos establecida","metadata":{"db":"u509380733_alquiromero","timestamp":"2025-04-30 14:34:49"}}
{"level":"info","message":"WebSocket inicializado","metadata":{"timestamp":"2025-04-30 14:34:49"}}
{"level":"info","message":"Conexión a la base de datos establecida","metadata":{"db":"u509380733_alquiromero","timestamp":"2025-04-30 14:36:53"}}
{"level":"info","message":"WebSocket inicializado","metadata":{"timestamp":"2025-04-30 14:36:53"}}
{"level":"info","message":"Conexión a la base de datos establecida","metadata":{"db":"u509380733_alquiromero","timestamp":"2025-04-30 15:45:50"}}
{"level":"info","message":"WebSocket inicializado","metadata":{"timestamp":"2025-04-30 15:45:51"}}
{"level":"info","message":"Conexión a la base de datos establecida","metadata":{"db":"u509380733_alquiromero","timestamp":"2025-04-30 15:47:18"}}
{"level":"info","message":"WebSocket inicializado","metadata":{"timestamp":"2025-04-30 15:47:18"}}
{"level":"info","message":"Conexión a la base de datos establecida","metadata":{"db":"u509380733_alquiromero","timestamp":"2025-04-30 15:51:24"}}
{"level":"info","message":"WebSocket inicializado","metadata":{"timestamp":"2025-04-30 15:51:24"}}
{"level":"info","message":"Conexión a la base de datos establecida","metadata":{"db":"u509380733_alquiromero","timestamp":"2025-04-30 15:52:32"}}
{"level":"info","message":"WebSocket inicializado","metadata":{"timestamp":"2025-04-30 15:52:32"}}
{"level":"info","message":"Conexión a la base de datos establecida","metadata":{"db":"u509380733_alquiromero","timestamp":"2025-05-01 14:30:34"}}
{"level":"info","message":"WebSocket inicializado","metadata":{"timestamp":"2025-05-01 14:30:34"}}
{"level":"info","message":"Conexión a la base de datos establecida","metadata":{"db":"u509380733_alquiromero","timestamp":"2025-05-01 14:38:06"}}
{"level":"info","message":"WebSocket inicializado","metadata":{"timestamp":"2025-05-01 14:38:06"}}
{"level":"error","message":"Fallo al conectar a la base de datos","metadata":{"error":"connect ETIMEDOUT 82.197.82.74:3306","stack":"Error: connect ETIMEDOUT 82.197.82.74:3306\n    at TCPConnectWrap.afterConnect [as oncomplete] (node:net:1595:16)","timestamp":"2025-05-01 16:04:26"}}
{"level":"error","message":"Fallo al conectar a la base de datos","metadata":{"error":"connect ETIMEDOUT 82.197.82.74:3306","stack":"Error: connect ETIMEDOUT 82.197.82.74:3306\n    at TCPConnectWrap.afterConnect [as oncomplete] (node:net:1595:16)","timestamp":"2025-05-01 16:18:45"}}
{"level":"info","message":"Conexión a la base de datos establecida","metadata":{"db":"u509380733_alquiromero","timestamp":"2025-05-02 10:43:30"}}
{"level":"info","message":"WebSocket inicializado","metadata":{"timestamp":"2025-05-02 10:43:30"}}
{"level":"info","message":"Conexión a la base de datos establecida","metadata":{"db":"u509380733_alquiromero","timestamp":"2025-05-02 11:03:49"}}
{"level":"info","message":"WebSocket inicializado","metadata":{"timestamp":"2025-05-02 11:03:50"}}
{"level":"info","message":"Conexión a la base de datos establecida","metadata":{"db":"u509380733_alquiromero","timestamp":"2025-05-02 11:08:06"}}
{"level":"info","message":"WebSocket inicializado","metadata":{"timestamp":"2025-05-02 11:08:06"}}
{"level":"info","message":"Conexión a la base de datos establecida","metadata":{"db":"u509380733_alquiromero","timestamp":"2025-05-04 15:36:27"}}
{"level":"info","message":"WebSocket inicializado","metadata":{"timestamp":"2025-05-04 15:36:28"}}
{"level":"info","message":"Conexión a la base de datos establecida","metadata":{"db":"u509380733_alquiromero","timestamp":"2025-05-04 15:46:11"}}
{"level":"info","message":"WebSocket inicializado","metadata":{"timestamp":"2025-05-04 15:46:11"}}
{"level":"info","message":"Conexión a la base de datos establecida","metadata":{"db":"u509380733_alquiromero","timestamp":"2025-05-04 15:48:43"}}
{"level":"info","message":"WebSocket inicializado","metadata":{"timestamp":"2025-05-04 15:48:43"}}
{"level":"info","message":"Conexión a la base de datos establecida","metadata":{"db":"u509380733_alquiromero","timestamp":"2025-05-04 15:49:34"}}
{"level":"info","message":"WebSocket inicializado","metadata":{"timestamp":"2025-05-04 15:49:34"}}
{"level":"info","message":"Conexión a la base de datos establecida","metadata":{"db":"u509380733_alquiromero","timestamp":"2025-05-04 15:56:52"}}
{"level":"info","message":"WebSocket inicializado","metadata":{"timestamp":"2025-05-04 15:56:52"}}
{"level":"info","message":"Conexión a la base de datos establecida","metadata":{"db":"u509380733_alquiromero","timestamp":"2025-05-04 15:57:39"}}
{"level":"info","message":"WebSocket inicializado","metadata":{"timestamp":"2025-05-04 15:57:39"}}
{"level":"info","message":"Conexión a la base de datos establecida","metadata":{"db":"u509380733_alquiromero","timestamp":"2025-05-04 16:42:56"}}
{"level":"info","message":"WebSocket inicializado","metadata":{"timestamp":"2025-05-04 16:42:57"}}
{"level":"info","message":"Conexión a la base de datos establecida","metadata":{"db":"u509380733_alquiromero","timestamp":"2025-05-04 17:19:01"}}
{"level":"info","message":"WebSocket inicializado","metadata":{"timestamp":"2025-05-04 17:19:01"}}
{"level":"info","message":"Conexión a la base de datos establecida","metadata":{"db":"u509380733_alquiromero","timestamp":"2025-05-04 17:21:43"}}
{"level":"info","message":"WebSocket inicializado","metadata":{"timestamp":"2025-05-04 17:21:43"}}
{"level":"info","message":"Conexión a la base de datos establecida","metadata":{"db":"u509380733_alquiromero","timestamp":"2025-05-04 17:41:05"}}
{"level":"info","message":"WebSocket inicializado","metadata":{"timestamp":"2025-05-04 17:41:05"}}
{"level":"info","message":"Conexión a la base de datos establecida","metadata":{"db":"u509380733_alquiromero","timestamp":"2025-05-05 14:48:10"}}
{"level":"info","message":"WebSocket inicializado","metadata":{"timestamp":"2025-05-05 14:48:10"}}
{"level":"info","message":"Conexión a la base de datos establecida","metadata":{"db":"u509380733_alquiromero","timestamp":"2025-05-05 15:01:49"}}
{"level":"info","message":"WebSocket inicializado","metadata":{"timestamp":"2025-05-05 15:01:50"}}
{"level":"info","message":"Conexión a la base de datos establecida","metadata":{"db":"u509380733_alquiromero","timestamp":"2025-05-05 15:05:37"}}
{"level":"info","message":"WebSocket inicializado","metadata":{"timestamp":"2025-05-05 15:05:37"}}
{"level":"info","message":"Conexión a la base de datos establecida","metadata":{"db":"u509380733_alquiromero","timestamp":"2025-05-05 15:06:14"}}
{"level":"info","message":"WebSocket inicializado","metadata":{"timestamp":"2025-05-05 15:06:14"}}
{"level":"info","message":"Conexión a la base de datos establecida","metadata":{"db":"u509380733_alquiromero","timestamp":"2025-05-05 15:12:58"}}
{"level":"info","message":"WebSocket inicializado","metadata":{"timestamp":"2025-05-05 15:12:58"}}
{"level":"info","message":"Conexión a la base de datos establecida","metadata":{"db":"u509380733_alquiromero","timestamp":"2025-05-05 15:44:11"}}
{"level":"info","message":"WebSocket inicializado","metadata":{"timestamp":"2025-05-05 15:44:11"}}
{"level":"info","message":"Conexión a la base de datos establecida","metadata":{"db":"u509380733_alquiromero","timestamp":"2025-05-05 15:52:07"}}
{"level":"info","message":"WebSocket inicializado","metadata":{"timestamp":"2025-05-05 15:52:07"}}
{"level":"info","message":"Conexión a la base de datos establecida","metadata":{"db":"u509380733_alquiromero","timestamp":"2025-05-05 15:52:15"}}
{"level":"info","message":"WebSocket inicializado","metadata":{"timestamp":"2025-05-05 15:52:16"}}
{"level":"info","message":"Conexión a la base de datos establecida","metadata":{"db":"u509380733_alquiromero","timestamp":"2025-05-05 15:54:03"}}
{"level":"info","message":"WebSocket inicializado","metadata":{"timestamp":"2025-05-05 15:54:03"}}
{"level":"info","message":"Conexión a la base de datos establecida","metadata":{"db":"u509380733_alquiromero","timestamp":"2025-05-05 15:55:37"}}
{"level":"info","message":"WebSocket inicializado","metadata":{"timestamp":"2025-05-05 15:55:37"}}
{"level":"info","message":"Conexión a la base de datos establecida","metadata":{"db":"u509380733_alquiromero","timestamp":"2025-05-05 16:13:20"}}
{"level":"info","message":"WebSocket inicializado","metadata":{"timestamp":"2025-05-05 16:13:20"}}
{"level":"info","message":"Conexión a la base de datos establecida","metadata":{"db":"u509380733_alquiromero","timestamp":"2025-05-05 16:15:01"}}
{"level":"info","message":"WebSocket inicializado","metadata":{"timestamp":"2025-05-05 16:15:01"}}
{"level":"info","message":"Conexión a la base de datos establecida","metadata":{"db":"u509380733_alquiromero","timestamp":"2025-05-05 16:19:30"}}
{"level":"info","message":"WebSocket inicializado","metadata":{"timestamp":"2025-05-05 16:19:30"}}
{"level":"info","message":"Conexión a la base de datos establecida","metadata":{"db":"u509380733_alquiromero","timestamp":"2025-05-05 16:20:57"}}
{"level":"info","message":"WebSocket inicializado","metadata":{"timestamp":"2025-05-05 16:20:57"}}
{"level":"info","message":"Conexión a la base de datos establecida","metadata":{"db":"u509380733_alquiromero","timestamp":"2025-05-05 16:22:17"}}
{"level":"info","message":"WebSocket inicializado","metadata":{"timestamp":"2025-05-05 16:22:17"}}
{"level":"info","message":"Conexión a la base de datos establecida","metadata":{"db":"u509380733_alquiromero","timestamp":"2025-05-05 16:22:28"}}
{"level":"info","message":"WebSocket inicializado","metadata":{"timestamp":"2025-05-05 16:22:28"}}
{"level":"info","message":"Conexión a la base de datos establecida","metadata":{"db":"u509380733_alquiromero","timestamp":"2025-05-05 16:32:15"}}
{"level":"info","message":"WebSocket inicializado","metadata":{"timestamp":"2025-05-05 16:32:16"}}
{"level":"info","message":"Conexión a la base de datos establecida","metadata":{"db":"u509380733_alquiromero","timestamp":"2025-05-05 17:00:48"}}
{"level":"info","message":"WebSocket inicializado","metadata":{"timestamp":"2025-05-05 17:00:48"}}
{"level":"info","message":"Conexión a la base de datos establecida","metadata":{"db":"u509380733_alquiromero","timestamp":"2025-05-06 13:19:13"}}
{"level":"info","message":"WebSocket inicializado","metadata":{"timestamp":"2025-05-06 13:19:13"}}
{"level":"info","message":"Conexión a la base de datos establecida","metadata":{"db":"u509380733_alquiromero","timestamp":"2025-05-06 13:25:06"}}
{"level":"info","message":"WebSocket inicializado","metadata":{"timestamp":"2025-05-06 13:25:06"}}
{"level":"info","message":"Conexión a la base de datos establecida","metadata":{"db":"u509380733_alquiromero","timestamp":"2025-05-13 12:44:55"}}
{"level":"info","message":"WebSocket inicializado","metadata":{"timestamp":"2025-05-13 12:44:55"}}
{"level":"info","message":"Conexión a la base de datos establecida","metadata":{"db":"u509380733_alquiromero","timestamp":"2025-05-18 21:22:52"}}
{"level":"info","message":"WebSocket inicializado","metadata":{"timestamp":"2025-05-18 21:22:53"}}
{"level":"info","message":"Conexión a la base de datos establecida","metadata":{"db":"u509380733_alquiromero","timestamp":"2025-05-18 23:23:37"}}
{"level":"info","message":"WebSocket inicializado","metadata":{"timestamp":"2025-05-18 23:23:37"}}
{"level":"info","message":"Conexión a la base de datos establecida","metadata":{"db":"u509380733_alquiromero","timestamp":"2025-05-20 13:28:08"}}
{"level":"info","message":"WebSocket inicializado","metadata":{"timestamp":"2025-05-20 13:28:08"}}
{"level":"info","message":"Conexión a la base de datos establecida","metadata":{"db":"u509380733_alquiromero","timestamp":"2025-05-22 10:27:59"}}
{"level":"info","message":"WebSocket inicializado","metadata":{"timestamp":"2025-05-22 10:27:59"}}
{"level":"info","message":"Conexión a la base de datos establecida","metadata":{"db":"u509380733_alquiromero","timestamp":"2025-05-29 19:22:55"}}
{"level":"info","message":"WebSocket inicializado","metadata":{"timestamp":"2025-05-29 19:22:56"}}
{"level":"info","message":"Conexión a la base de datos establecida","metadata":{"db":"u509380733_alquiromero","timestamp":"2025-05-29 23:56:21"}}
{"level":"info","message":"WebSocket inicializado","metadata":{"timestamp":"2025-05-29 23:56:21"}}
{"level":"error","message":"Error del sistema detectado","metadata":{"ip":"::1","method":"POST","stack":"Error [ERR_HTTP_HEADERS_SENT]: Cannot set headers after they are sent to the client\n    at ServerResponse.setHeader (node:_http_outgoing:652:11)\n    at ServerResponse.header (C:\\Users\\edilb\\Documents\\uthh\\8-cuatrimestre\\Desarrollo-web-profesional\\alquiladora_romero\\server\\node_modules\\express\\lib\\response.js:794:10)\n    at ServerResponse.send (C:\\Users\\edilb\\Documents\\uthh\\8-cuatrimestre\\Desarrollo-web-profesional\\alquiladora_romero\\server\\node_modules\\express\\lib\\response.js:174:12)\n    at ServerResponse.json (C:\\Users\\edilb\\Documents\\uthh\\8-cuatrimestre\\Desarrollo-web-profesional\\alquiladora_romero\\server\\node_modules\\express\\lib\\response.js:278:15)\n    at C:\\Users\\edilb\\Documents\\uthh\\8-cuatrimestre\\Desarrollo-web-profesional\\alquiladora_romero\\server\\rutas.js:54:19\n    at Layer.handle_error (C:\\Users\\edilb\\Documents\\uthh\\8-cuatrimestre\\Desarrollo-web-profesional\\alquiladora_romero\\server\\node_modules\\express\\lib\\router\\layer.js:71:5)\n    at trim_prefix (C:\\Users\\edilb\\Documents\\uthh\\8-cuatrimestre\\Desarrollo-web-profesional\\alquiladora_romero\\server\\node_modules\\express\\lib\\router\\index.js:326:13)\n    at C:\\Users\\edilb\\Documents\\uthh\\8-cuatrimestre\\Desarrollo-web-profesional\\alquiladora_romero\\server\\node_modules\\express\\lib\\router\\index.js:286:9\n    at Function.process_params (C:\\Users\\edilb\\Documents\\uthh\\8-cuatrimestre\\Desarrollo-web-profesional\\alquiladora_romero\\server\\node_modules\\express\\lib\\router\\index.js:346:12)\n    at next (C:\\Users\\edilb\\Documents\\uthh\\8-cuatrimestre\\Desarrollo-web-profesional\\alquiladora_romero\\server\\node_modules\\express\\lib\\router\\index.js:280:10)","timestamp":"2025-05-29 23:56:58","url":"/api/usuarios/login"}}
{"level":"info","message":"Conexión a la base de datos establecida","metadata":{"db":"u509380733_alquiromero","timestamp":"2025-05-30 00:01:33"}}
{"level":"info","message":"WebSocket inicializado","metadata":{"timestamp":"2025-05-30 00:01:33"}}
{"level":"info","message":"Conexión a la base de datos establecida","metadata":{"db":"u509380733_alquiromero","timestamp":"2025-05-30 00:04:40"}}
{"level":"info","message":"WebSocket inicializado","metadata":{"timestamp":"2025-05-30 00:04:40"}}
{"level":"info","message":"Conexión a la base de datos establecida","metadata":{"db":"u509380733_alquiromero","timestamp":"2025-05-30 00:14:07"}}
{"level":"info","message":"WebSocket inicializado","metadata":{"timestamp":"2025-05-30 00:14:07"}}
{"level":"error","message":"Error del sistema detectado","metadata":{"ip":"::1","method":"POST","stack":"Error [ERR_HTTP_HEADERS_SENT]: Cannot set headers after they are sent to the client\n    at ServerResponse.setHeader (node:_http_outgoing:652:11)\n    at ServerResponse.header (C:\\Users\\edilb\\Documents\\uthh\\8-cuatrimestre\\Desarrollo-web-profesional\\alquiladora_romero\\server\\node_modules\\express\\lib\\response.js:794:10)\n    at ServerResponse.send (C:\\Users\\edilb\\Documents\\uthh\\8-cuatrimestre\\Desarrollo-web-profesional\\alquiladora_romero\\server\\node_modules\\express\\lib\\response.js:174:12)\n    at ServerResponse.json (C:\\Users\\edilb\\Documents\\uthh\\8-cuatrimestre\\Desarrollo-web-profesional\\alquiladora_romero\\server\\node_modules\\express\\lib\\response.js:278:15)\n    at C:\\Users\\edilb\\Documents\\uthh\\8-cuatrimestre\\Desarrollo-web-profesional\\alquiladora_romero\\server\\rutas.js:54:19\n    at Layer.handle_error (C:\\Users\\edilb\\Documents\\uthh\\8-cuatrimestre\\Desarrollo-web-profesional\\alquiladora_romero\\server\\node_modules\\express\\lib\\router\\layer.js:71:5)\n    at trim_prefix (C:\\Users\\edilb\\Documents\\uthh\\8-cuatrimestre\\Desarrollo-web-profesional\\alquiladora_romero\\server\\node_modules\\express\\lib\\router\\index.js:326:13)\n    at C:\\Users\\edilb\\Documents\\uthh\\8-cuatrimestre\\Desarrollo-web-profesional\\alquiladora_romero\\server\\node_modules\\express\\lib\\router\\index.js:286:9\n    at Function.process_params (C:\\Users\\edilb\\Documents\\uthh\\8-cuatrimestre\\Desarrollo-web-profesional\\alquiladora_romero\\server\\node_modules\\express\\lib\\router\\index.js:346:12)\n    at next (C:\\Users\\edilb\\Documents\\uthh\\8-cuatrimestre\\Desarrollo-web-profesional\\alquiladora_romero\\server\\node_modules\\express\\lib\\router\\index.js:280:10)","timestamp":"2025-05-30 00:14:44","url":"/api/usuarios/login"}}
{"level":"info","message":"Conexión a la base de datos establecida","metadata":{"db":"u509380733_alquiromero","timestamp":"2025-05-30 00:18:21"}}
{"level":"info","message":"WebSocket inicializado","metadata":{"timestamp":"2025-05-30 00:18:21"}}
{"level":"info","message":"Conexión a la base de datos establecida","metadata":{"db":"u509380733_alquiromero","timestamp":"2025-05-30 00:18:40"}}
{"level":"info","message":"WebSocket inicializado","metadata":{"timestamp":"2025-05-30 00:18:40"}}
{"level":"info","message":"Conexión a la base de datos establecida","metadata":{"db":"u509380733_alquiromero","timestamp":"2025-06-01 06:30:04"}}
{"level":"info","message":"WebSocket inicializado","metadata":{"timestamp":"2025-06-01 06:30:04"}}
{"level":"info","message":"Conexión a la base de datos establecida","metadata":{"db":"u509380733_alquiromero","timestamp":"2025-06-01 11:56:54"}}
{"level":"info","message":"WebSocket inicializado","metadata":{"timestamp":"2025-06-01 11:56:54"}}
{"level":"info","message":"Conexión a la base de datos establecida","metadata":{"db":"u509380733_alquiromero","timestamp":"2025-06-01 12:05:05"}}
{"level":"info","message":"WebSocket inicializado","metadata":{"timestamp":"2025-06-01 12:05:05"}}
{"level":"info","message":"Conexión a la base de datos establecida","metadata":{"db":"u509380733_alquiromero","timestamp":"2025-06-01 12:06:47"}}
{"level":"info","message":"WebSocket inicializado","metadata":{"timestamp":"2025-06-01 12:06:47"}}
{"level":"info","message":"Conexión a la base de datos establecida","metadata":{"db":"u509380733_alquiromero","timestamp":"2025-06-01 12:14:11"}}
{"level":"info","message":"WebSocket inicializado","metadata":{"timestamp":"2025-06-01 12:14:11"}}
{"level":"info","message":"Conexión a la base de datos establecida","metadata":{"db":"u509380733_alquiromero","timestamp":"2025-06-01 12:20:26"}}
{"level":"info","message":"WebSocket inicializado","metadata":{"timestamp":"2025-06-01 12:20:26"}}
{"level":"info","message":"Conexión a la base de datos establecida","metadata":{"db":"u509380733_alquiromero","timestamp":"2025-06-01 12:21:28"}}
{"level":"info","message":"WebSocket inicializado","metadata":{"timestamp":"2025-06-01 12:21:29"}}
{"level":"info","message":"Conexión a la base de datos establecida","metadata":{"db":"u509380733_alquiromero","timestamp":"2025-06-01 12:26:06"}}
{"level":"info","message":"WebSocket inicializado","metadata":{"timestamp":"2025-06-01 12:26:07"}}
{"level":"info","message":"Conexión a la base de datos establecida","metadata":{"db":"u509380733_alquiromero","timestamp":"2025-06-01 12:28:23"}}
{"level":"info","message":"WebSocket inicializado","metadata":{"timestamp":"2025-06-01 12:28:23"}}
{"level":"info","message":"Conexión a la base de datos establecida","metadata":{"db":"u509380733_alquiromero","timestamp":"2025-06-01 12:29:36"}}
{"level":"info","message":"WebSocket inicializado","metadata":{"timestamp":"2025-06-01 12:29:36"}}
{"level":"info","message":"Conexión a la base de datos establecida","metadata":{"db":"u509380733_alquiromero","timestamp":"2025-06-01 12:30:10"}}
{"level":"info","message":"WebSocket inicializado","metadata":{"timestamp":"2025-06-01 12:30:10"}}
{"level":"info","message":"Conexión a la base de datos establecida","metadata":{"db":"u509380733_alquiromero","timestamp":"2025-06-01 12:30:16"}}
{"level":"info","message":"WebSocket inicializado","metadata":{"timestamp":"2025-06-01 12:30:17"}}
{"level":"info","message":"Conexión a la base de datos establecida","metadata":{"db":"u509380733_alquiromero","timestamp":"2025-06-01 12:30:28"}}
{"level":"info","message":"WebSocket inicializado","metadata":{"timestamp":"2025-06-01 12:30:28"}}
{"level":"info","message":"Conexión a la base de datos establecida","metadata":{"db":"u509380733_alquiromero","timestamp":"2025-06-01 12:30:41"}}
{"level":"info","message":"WebSocket inicializado","metadata":{"timestamp":"2025-06-01 12:30:41"}}
{"level":"info","message":"Conexión a la base de datos establecida","metadata":{"db":"u509380733_alquiromero","timestamp":"2025-06-01 12:30:56"}}
{"level":"info","message":"WebSocket inicializado","metadata":{"timestamp":"2025-06-01 12:30:56"}}
{"level":"info","message":"Conexión a la base de datos establecida","metadata":{"db":"u509380733_alquiromero","timestamp":"2025-06-01 12:40:22"}}
{"level":"info","message":"WebSocket inicializado","metadata":{"timestamp":"2025-06-01 12:40:22"}}
{"level":"info","message":"Conexión a la base de datos establecida","metadata":{"db":"u509380733_alquiromero","timestamp":"2025-06-01 12:44:13"}}
{"level":"info","message":"WebSocket inicializado","metadata":{"timestamp":"2025-06-01 12:44:13"}}
{"level":"info","message":"Conexión a la base de datos establecida","metadata":{"db":"u509380733_alquiromero","timestamp":"2025-06-01 12:46:40"}}
{"level":"info","message":"WebSocket inicializado","metadata":{"timestamp":"2025-06-01 12:46:41"}}
{"level":"info","message":"Conexión a la base de datos establecida","metadata":{"db":"u509380733_alquiromero","timestamp":"2025-06-01 12:47:21"}}
{"level":"info","message":"WebSocket inicializado","metadata":{"timestamp":"2025-06-01 12:47:21"}}
{"level":"info","message":"Conexión a la base de datos establecida","metadata":{"db":"u509380733_alquiromero","timestamp":"2025-06-01 13:18:03"}}
{"level":"info","message":"WebSocket inicializado","metadata":{"timestamp":"2025-06-01 13:18:03"}}
{"level":"info","message":"Conexión a la base de datos establecida","metadata":{"db":"u509380733_alquiromero","timestamp":"2025-06-01 13:19:28"}}
{"level":"info","message":"WebSocket inicializado","metadata":{"timestamp":"2025-06-01 13:19:28"}}
{"level":"info","message":"Conexión a la base de datos establecida","metadata":{"db":"u509380733_alquiromero","timestamp":"2025-06-01 13:23:10"}}
{"level":"info","message":"WebSocket inicializado","metadata":{"timestamp":"2025-06-01 13:23:10"}}
{"level":"info","message":"Conexión a la base de datos establecida","metadata":{"db":"u509380733_alquiromero","timestamp":"2025-06-01 13:24:13"}}
{"level":"info","message":"WebSocket inicializado","metadata":{"timestamp":"2025-06-01 13:24:13"}}
{"level":"info","message":"Conexión a la base de datos establecida","metadata":{"db":"u509380733_alquiromero","timestamp":"2025-06-01 13:49:01"}}
{"level":"info","message":"WebSocket inicializado","metadata":{"timestamp":"2025-06-01 13:49:01"}}
{"level":"info","message":"Conexión a la base de datos establecida","metadata":{"db":"u509380733_alquiromero","timestamp":"2025-06-01 13:54:25"}}
{"level":"info","message":"WebSocket inicializado","metadata":{"timestamp":"2025-06-01 13:54:25"}}
{"level":"info","message":"Conexión a la base de datos establecida","metadata":{"db":"u509380733_alquiromero","timestamp":"2025-06-01 13:54:53"}}
{"level":"info","message":"WebSocket inicializado","metadata":{"timestamp":"2025-06-01 13:54:53"}}
{"level":"info","message":"Conexión a la base de datos establecida","metadata":{"db":"u509380733_alquiromero","timestamp":"2025-06-01 13:55:05"}}
{"level":"info","message":"WebSocket inicializado","metadata":{"timestamp":"2025-06-01 13:55:06"}}
{"level":"info","message":"Conexión a la base de datos establecida","metadata":{"db":"u509380733_alquiromero","timestamp":"2025-06-01 14:11:50"}}
{"level":"info","message":"WebSocket inicializado","metadata":{"timestamp":"2025-06-01 14:11:50"}}
{"level":"info","message":"Conexión a la base de datos establecida","metadata":{"db":"u509380733_alquiromero","timestamp":"2025-06-01 14:18:06"}}
{"level":"info","message":"WebSocket inicializado","metadata":{"timestamp":"2025-06-01 14:18:06"}}
{"level":"info","message":"Conexión a la base de datos establecida","metadata":{"db":"u509380733_alquiromero","timestamp":"2025-06-01 14:18:26"}}
{"level":"info","message":"WebSocket inicializado","metadata":{"timestamp":"2025-06-01 14:18:26"}}
{"level":"info","message":"Conexión a la base de datos establecida","metadata":{"db":"u509380733_alquiromero","timestamp":"2025-06-01 14:20:44"}}
{"level":"info","message":"WebSocket inicializado","metadata":{"timestamp":"2025-06-01 14:20:44"}}
{"level":"info","message":"Conexión a la base de datos establecida","metadata":{"db":"u509380733_alquiromero","timestamp":"2025-06-01 14:21:43"}}
{"level":"info","message":"WebSocket inicializado","metadata":{"timestamp":"2025-06-01 14:21:43"}}
{"level":"info","message":"Conexión a la base de datos establecida","metadata":{"db":"u509380733_alquiromero","timestamp":"2025-06-01 14:25:51"}}
{"level":"info","message":"WebSocket inicializado","metadata":{"timestamp":"2025-06-01 14:25:51"}}
{"level":"info","message":"Conexión a la base de datos establecida","metadata":{"db":"u509380733_alquiromero","timestamp":"2025-06-01 14:26:50"}}
{"level":"info","message":"WebSocket inicializado","metadata":{"timestamp":"2025-06-01 14:26:50"}}
{"level":"info","message":"Conexión a la base de datos establecida","metadata":{"db":"u509380733_alquiromero","timestamp":"2025-06-01 14:27:32"}}
{"level":"info","message":"WebSocket inicializado","metadata":{"timestamp":"2025-06-01 14:27:32"}}
{"level":"info","message":"Conexión a la base de datos establecida","metadata":{"db":"u509380733_alquiromero","timestamp":"2025-06-01 14:29:52"}}
{"level":"info","message":"WebSocket inicializado","metadata":{"timestamp":"2025-06-01 14:29:52"}}
{"level":"info","message":"Conexión a la base de datos establecida","metadata":{"db":"u509380733_alquiromero","timestamp":"2025-06-02 16:18:32"}}
{"level":"info","message":"WebSocket inicializado","metadata":{"timestamp":"2025-06-02 16:18:33"}}
{"level":"info","message":"Conexión a la base de datos establecida","metadata":{"db":"u509380733_alquiromero","timestamp":"2025-06-02 16:18:50"}}
{"level":"info","message":"WebSocket inicializado","metadata":{"timestamp":"2025-06-02 16:18:50"}}
{"level":"info","message":"Conexión a la base de datos establecida","metadata":{"db":"u509380733_alquiromero","timestamp":"2025-06-02 16:19:53"}}
{"level":"info","message":"WebSocket inicializado","metadata":{"timestamp":"2025-06-02 16:19:53"}}
{"level":"info","message":"Conexión a la base de datos establecida","metadata":{"db":"u509380733_alquiromero","timestamp":"2025-06-02 16:20:08"}}
{"level":"info","message":"WebSocket inicializado","metadata":{"timestamp":"2025-06-02 16:20:09"}}
{"level":"info","message":"Conexión a la base de datos establecida","metadata":{"db":"u509380733_alquiromero","timestamp":"2025-06-02 16:20:25"}}
{"level":"info","message":"WebSocket inicializado","metadata":{"timestamp":"2025-06-02 16:20:26"}}
{"level":"info","message":"Conexión a la base de datos establecida","metadata":{"db":"u509380733_alquiromero","timestamp":"2025-06-02 16:20:36"}}
{"level":"info","message":"WebSocket inicializado","metadata":{"timestamp":"2025-06-02 16:20:37"}}
{"level":"info","message":"Conexión a la base de datos establecida","metadata":{"db":"u509380733_alquiromero","timestamp":"2025-06-02 16:25:41"}}
{"level":"info","message":"WebSocket inicializado","metadata":{"timestamp":"2025-06-02 16:25:41"}}
{"level":"info","message":"Conexión a la base de datos establecida","metadata":{"db":"u509380733_alquiromero","timestamp":"2025-06-02 18:58:41"}}
{"level":"info","message":"WebSocket inicializado","metadata":{"timestamp":"2025-06-02 18:58:41"}}
{"level":"info","message":"Conexión a la base de datos establecida","metadata":{"db":"u509380733_alquiromero","timestamp":"2025-06-02 18:58:49"}}
{"level":"info","message":"WebSocket inicializado","metadata":{"timestamp":"2025-06-02 18:58:49"}}
{"level":"info","message":"Conexión a la base de datos establecida","metadata":{"db":"u509380733_alquiromero","timestamp":"2025-06-02 18:59:06"}}
{"level":"info","message":"WebSocket inicializado","metadata":{"timestamp":"2025-06-02 18:59:06"}}
{"level":"info","message":"Conexión a la base de datos establecida","metadata":{"db":"u509380733_alquiromero","timestamp":"2025-06-02 18:59:41"}}
{"level":"info","message":"WebSocket inicializado","metadata":{"timestamp":"2025-06-02 18:59:41"}}
{"level":"info","message":"Conexión a la base de datos establecida","metadata":{"db":"u509380733_alquiromero","timestamp":"2025-06-03 09:43:40"}}
{"level":"info","message":"WebSocket inicializado","metadata":{"timestamp":"2025-06-03 09:43:40"}}
{"level":"info","message":"Conexión a la base de datos establecida","metadata":{"db":"u509380733_alquiromero","timestamp":"2025-06-03 10:09:51"}}
{"level":"info","message":"WebSocket inicializado","metadata":{"timestamp":"2025-06-03 10:09:51"}}
{"level":"info","message":"Conexión a la base de datos establecida","metadata":{"db":"u509380733_alquiromero","timestamp":"2025-06-03 10:23:55"}}
{"level":"info","message":"WebSocket inicializado","metadata":{"timestamp":"2025-06-03 10:23:55"}}
{"level":"info","message":"Conexión a la base de datos establecida","metadata":{"db":"u509380733_alquiromero","timestamp":"2025-06-03 10:27:29"}}
{"level":"info","message":"WebSocket inicializado","metadata":{"timestamp":"2025-06-03 10:27:29"}}
{"level":"info","message":"Conexión a la base de datos establecida","metadata":{"db":"u509380733_alquiromero","timestamp":"2025-06-03 10:53:28"}}
{"level":"info","message":"WebSocket inicializado","metadata":{"timestamp":"2025-06-03 10:53:28"}}
{"level":"info","message":"Conexión a la base de datos establecida","metadata":{"db":"u509380733_alquiromero","timestamp":"2025-06-03 10:54:09"}}
{"level":"info","message":"WebSocket inicializado","metadata":{"timestamp":"2025-06-03 10:54:10"}}
{"level":"info","message":"Conexión a la base de datos establecida","metadata":{"db":"u509380733_alquiromero","timestamp":"2025-06-03 10:54:12"}}
{"level":"info","message":"WebSocket inicializado","metadata":{"timestamp":"2025-06-03 10:54:12"}}
{"level":"info","message":"Conexión a la base de datos establecida","metadata":{"db":"u509380733_alquiromero","timestamp":"2025-06-03 10:54:41"}}
{"level":"info","message":"WebSocket inicializado","metadata":{"timestamp":"2025-06-03 10:54:41"}}
{"level":"info","message":"Conexión a la base de datos establecida","metadata":{"db":"u509380733_alquiromero","timestamp":"2025-06-03 10:54:49"}}
{"level":"info","message":"WebSocket inicializado","metadata":{"timestamp":"2025-06-03 10:54:49"}}
{"level":"info","message":"Conexión a la base de datos establecida","metadata":{"db":"u509380733_alquiromero","timestamp":"2025-06-03 10:55:06"}}
{"level":"info","message":"WebSocket inicializado","metadata":{"timestamp":"2025-06-03 10:55:06"}}
{"level":"info","message":"Conexión a la base de datos establecida","metadata":{"db":"u509380733_alquiromero","timestamp":"2025-06-03 10:55:19"}}
{"level":"info","message":"WebSocket inicializado","metadata":{"timestamp":"2025-06-03 10:55:19"}}
{"level":"info","message":"Conexión a la base de datos establecida","metadata":{"db":"u509380733_alquiromero","timestamp":"2025-06-03 10:55:24"}}
{"level":"info","message":"WebSocket inicializado","metadata":{"timestamp":"2025-06-03 10:55:24"}}
{"level":"info","message":"Conexión a la base de datos establecida","metadata":{"db":"u509380733_alquiromero","timestamp":"2025-06-03 10:57:10"}}
{"level":"info","message":"WebSocket inicializado","metadata":{"timestamp":"2025-06-03 10:57:10"}}
{"level":"info","message":"Conexión a la base de datos establecida","metadata":{"db":"u509380733_alquiromero","timestamp":"2025-06-03 13:11:55"}}
{"level":"info","message":"WebSocket inicializado","metadata":{"timestamp":"2025-06-03 13:11:56"}}
{"level":"info","message":"Conexión a la base de datos establecida","metadata":{"db":"u509380733_alquiromero","timestamp":"2025-06-03 13:32:26"}}
{"level":"info","message":"WebSocket inicializado","metadata":{"timestamp":"2025-06-03 13:32:27"}}
